<?xml version="1.0" encoding="UTF-8"?>
<testng-results skipped="0" failed="0" ignored="0" total="1" passed="1">
  <reporter-output>
  </reporter-output>
  <suite name="Suite" duration-ms="36027" started-at="2021-07-17T14:51:12Z" finished-at="2021-07-17T14:51:49Z">
    <groups>
    </groups>
    <test name="Test" duration-ms="36027" started-at="2021-07-17T14:51:12Z" finished-at="2021-07-17T14:51:49Z">
      <class name="trial.TestCase1">
        <test-method status="PASS" signature="openApp()[pri:0, instance:trial.TestCase1@2286778]" name="openApp" is-config="true" duration-ms="31736" started-at="2021-07-17T14:51:13Z" finished-at="2021-07-17T14:51:44Z">
          <reporter-output>
          </reporter-output>
        </test-method> <!-- openApp -->
        <test-method status="PASS" signature="testA()[pri:0, instance:trial.TestCase1@2286778]" name="testA" duration-ms="12" started-at="2021-07-17T14:51:44Z" finished-at="2021-07-17T14:51:44Z">
          <reporter-output>
          </reporter-output>
        </test-method> <!-- testA -->
        <test-method status="PASS" signature="closeApp()[pri:0, instance:trial.TestCase1@2286778]" name="closeApp" is-config="true" duration-ms="4244" started-at="2021-07-17T14:51:44Z" finished-at="2021-07-17T14:51:49Z">
          <reporter-output>
          </reporter-output>
        </test-method> <!-- closeApp -->
      </class> <!-- trial.TestCase1 -->
    </test> <!-- Test -->
  </suite> <!-- Suite -->
</testng-results>
