<?xml version="1.0" encoding="UTF-8"?>
<testng-results skipped="0" failed="0" ignored="0" total="2" passed="2">
  <reporter-output>
  </reporter-output>
  <suite name="Suite" duration-ms="50686" started-at="2021-07-19T06:17:22Z" finished-at="2021-07-19T06:18:13Z">
    <groups>
    </groups>
    <test name="Test" duration-ms="50686" started-at="2021-07-19T06:17:22Z" finished-at="2021-07-19T06:18:13Z">
      <class name="script.InvalidLogin">
        <test-method status="PASS" signature="openApp()[pri:0, instance:script.InvalidLogin@39c0f4a]" name="openApp" is-config="true" duration-ms="14435" started-at="2021-07-19T06:17:49Z" finished-at="2021-07-19T06:18:04Z">
          <reporter-output>
          </reporter-output>
        </test-method> <!-- openApp -->
        <test-method status="PASS" signature="testInvalidLogin()[pri:2, instance:script.InvalidLogin@39c0f4a]" name="testInvalidLogin" duration-ms="9110" started-at="2021-07-19T06:18:04Z" finished-at="2021-07-19T06:18:13Z">
          <reporter-output>
          </reporter-output>
        </test-method> <!-- testInvalidLogin -->
        <test-method status="PASS" signature="closeApp()[pri:0, instance:script.InvalidLogin@39c0f4a]" name="closeApp" is-config="true" duration-ms="221" started-at="2021-07-19T06:18:13Z" finished-at="2021-07-19T06:18:13Z">
          <reporter-output>
          </reporter-output>
        </test-method> <!-- closeApp -->
      </class> <!-- script.InvalidLogin -->
      <class name="script.ValidLogin">
        <test-method status="PASS" signature="openApp()[pri:0, instance:script.ValidLogin@1794d431]" name="openApp" is-config="true" duration-ms="18799" started-at="2021-07-19T06:17:22Z" finished-at="2021-07-19T06:17:41Z">
          <reporter-output>
          </reporter-output>
        </test-method> <!-- openApp -->
        <test-method status="PASS" signature="testValidLogin()[pri:1, instance:script.ValidLogin@1794d431]" name="testValidLogin" duration-ms="7961" started-at="2021-07-19T06:17:41Z" finished-at="2021-07-19T06:17:49Z">
          <reporter-output>
          </reporter-output>
        </test-method> <!-- testValidLogin -->
        <test-method status="PASS" signature="closeApp()[pri:0, instance:script.ValidLogin@1794d431]" name="closeApp" is-config="true" duration-ms="134" started-at="2021-07-19T06:17:49Z" finished-at="2021-07-19T06:17:49Z">
          <reporter-output>
          </reporter-output>
        </test-method> <!-- closeApp -->
      </class> <!-- script.ValidLogin -->
    </test> <!-- Test -->
  </suite> <!-- Suite -->
</testng-results>
