<?xml version="1.0" encoding="UTF-8"?>
<testng-results skipped="0" failed="0" ignored="0" total="2" passed="2">
  <reporter-output>
  </reporter-output>
  <suite name="Suite" duration-ms="61860" started-at="2021-07-18T16:10:58Z" finished-at="2021-07-18T16:12:00Z">
    <groups>
    </groups>
    <test name="Test" duration-ms="61860" started-at="2021-07-18T16:10:58Z" finished-at="2021-07-18T16:12:00Z">
      <class name="script.InvalidLogin">
        <test-method status="PASS" signature="openApp()[pri:0, instance:script.InvalidLogin@7d9d1a19]" name="openApp" is-config="true" duration-ms="20407" started-at="2021-07-18T16:11:27Z" finished-at="2021-07-18T16:11:48Z">
          <reporter-output>
          </reporter-output>
        </test-method> <!-- openApp -->
        <test-method status="PASS" signature="testInvalidLogin()[pri:2, instance:script.InvalidLogin@7d9d1a19]" name="testInvalidLogin" duration-ms="12069" started-at="2021-07-18T16:11:48Z" finished-at="2021-07-18T16:12:00Z">
          <reporter-output>
          </reporter-output>
        </test-method> <!-- testInvalidLogin -->
        <test-method status="PASS" signature="closeApp()[pri:0, instance:script.InvalidLogin@7d9d1a19]" name="closeApp" is-config="true" duration-ms="218" started-at="2021-07-18T16:12:00Z" finished-at="2021-07-18T16:12:00Z">
          <reporter-output>
          </reporter-output>
        </test-method> <!-- closeApp -->
      </class> <!-- script.InvalidLogin -->
      <class name="script.ValidLogin">
        <test-method status="PASS" signature="openApp()[pri:0, instance:script.ValidLogin@39c0f4a]" name="openApp" is-config="true" duration-ms="20584" started-at="2021-07-18T16:10:58Z" finished-at="2021-07-18T16:11:19Z">
          <reporter-output>
          </reporter-output>
        </test-method> <!-- openApp -->
        <test-method status="PASS" signature="testValidLogin()[pri:1, instance:script.ValidLogin@39c0f4a]" name="testValidLogin" duration-ms="8352" started-at="2021-07-18T16:11:19Z" finished-at="2021-07-18T16:11:27Z">
          <reporter-output>
          </reporter-output>
        </test-method> <!-- testValidLogin -->
        <test-method status="PASS" signature="closeApp()[pri:0, instance:script.ValidLogin@39c0f4a]" name="closeApp" is-config="true" duration-ms="205" started-at="2021-07-18T16:11:27Z" finished-at="2021-07-18T16:11:27Z">
          <reporter-output>
          </reporter-output>
        </test-method> <!-- closeApp -->
      </class> <!-- script.ValidLogin -->
    </test> <!-- Test -->
  </suite> <!-- Suite -->
</testng-results>
